
 ==============================================
[11 / 03 / 2015 15:26:39]
object(SimpleXMLElement)#3 (1) {
  ["QBXMLMsgsRq"]=>
  object(SimpleXMLElement)#4 (2) {
    ["@attributes"]=>
    array(1) {
      ["onError"]=>
      string(11) "stopOnError"
    }
    ["InvoiceAddRq"]=>
    object(SimpleXMLElement)#5 (1) {
      [0]=>
      string(1) "
"
    }
  }
}


 ==============================================
[11 / 03 / 2015 15:27:09]
object(SimpleXMLElement)#3 (1) {
  ["QBXMLMsgsRq"]=>
  object(SimpleXMLElement)#4 (2) {
    ["@attributes"]=>
    array(1) {
      ["onError"]=>
      string(11) "stopOnError"
    }
    ["InvoiceAddRq"]=>
    object(SimpleXMLElement)#5 (1) {
      [0]=>
      string(1) "
"
    }
  }
}


 ==============================================
[11 / 03 / 2015 15:27:09]
object(SimpleXMLElement)#3 (1) {
  ["QBXMLMsgsRq"]=>
  object(SimpleXMLElement)#4 (2) {
    ["@attributes"]=>
    array(1) {
      ["onError"]=>
      string(11) "stopOnError"
    }
    ["InvoiceAddRq"]=>
    object(SimpleXMLElement)#5 (1) {
      [0]=>
      string(1) "
"
    }
  }
}


 ==============================================
[11 / 03 / 2015 15:27:11]
object(SimpleXMLElement)#3 (1) {
  ["QBXMLMsgsRq"]=>
  object(SimpleXMLElement)#4 (2) {
    ["@attributes"]=>
    array(1) {
      ["onError"]=>
      string(11) "stopOnError"
    }
    ["InvoiceAddRq"]=>
    object(SimpleXMLElement)#5 (1) {
      [0]=>
      string(1) "
"
    }
  }
}


 ==============================================
[11 / 03 / 2015 15:27:12]
object(SimpleXMLElement)#3 (1) {
  ["QBXMLMsgsRq"]=>
  object(SimpleXMLElement)#4 (2) {
    ["@attributes"]=>
    array(1) {
      ["onError"]=>
      string(11) "stopOnError"
    }
    ["InvoiceAddRq"]=>
    object(SimpleXMLElement)#5 (1) {
      [0]=>
      string(1) "
"
    }
  }
}


 ==============================================
[11 / 03 / 2015 15:29:14]
object(SimpleXMLElement)#3 (1) {
  ["QBXMLMsgsRq"]=>
  object(SimpleXMLElement)#4 (2) {
    ["@attributes"]=>
    array(1) {
      ["onError"]=>
      string(11) "stopOnError"
    }
    ["InvoiceAddRq"]=>
    object(SimpleXMLElement)#5 (1) {
      [0]=>
      string(1) "
"
    }
  }
}


 ==============================================
[11 / 03 / 2015 15:29:14]
object(SimpleXMLElement)#3 (1) {
  ["QBXMLMsgsRq"]=>
  object(SimpleXMLElement)#4 (2) {
    ["@attributes"]=>
    array(1) {
      ["onError"]=>
      string(11) "stopOnError"
    }
    ["InvoiceAddRq"]=>
    object(SimpleXMLElement)#5 (1) {
      [0]=>
      string(1) "
"
    }
  }
}


 ==============================================
[11 / 03 / 2015 15:29:16]
object(SimpleXMLElement)#3 (1) {
  ["QBXMLMsgsRq"]=>
  object(SimpleXMLElement)#4 (2) {
    ["@attributes"]=>
    array(1) {
      ["onError"]=>
      string(11) "stopOnError"
    }
    ["InvoiceAddRq"]=>
    object(SimpleXMLElement)#5 (1) {
      [0]=>
      string(1) "
"
    }
  }
}


 ==============================================
[11 / 03 / 2015 15:29:16]
object(SimpleXMLElement)#3 (1) {
  ["QBXMLMsgsRq"]=>
  object(SimpleXMLElement)#4 (2) {
    ["@attributes"]=>
    array(1) {
      ["onError"]=>
      string(11) "stopOnError"
    }
    ["InvoiceAddRq"]=>
    object(SimpleXMLElement)#5 (1) {
      [0]=>
      string(1) "
"
    }
  }
}


 ==============================================
[11 / 03 / 2015 15:29:18]
object(SimpleXMLElement)#3 (1) {
  ["QBXMLMsgsRq"]=>
  object(SimpleXMLElement)#4 (2) {
    ["@attributes"]=>
    array(1) {
      ["onError"]=>
      string(11) "stopOnError"
    }
    ["InvoiceAddRq"]=>
    object(SimpleXMLElement)#5 (1) {
      [0]=>
      string(1) "
"
    }
  }
}


 ==============================================
[11 / 03 / 2015 15:29:19]
object(SimpleXMLElement)#3 (1) {
  ["QBXMLMsgsRq"]=>
  object(SimpleXMLElement)#4 (2) {
    ["@attributes"]=>
    array(1) {
      ["onError"]=>
      string(11) "stopOnError"
    }
    ["InvoiceAddRq"]=>
    object(SimpleXMLElement)#5 (1) {
      [0]=>
      string(1) "
"
    }
  }
}


 ==============================================
[11 / 03 / 2015 15:29:19]
object(SimpleXMLElement)#3 (1) {
  ["QBXMLMsgsRq"]=>
  object(SimpleXMLElement)#4 (2) {
    ["@attributes"]=>
    array(1) {
      ["onError"]=>
      string(11) "stopOnError"
    }
    ["InvoiceAddRq"]=>
    object(SimpleXMLElement)#5 (1) {
      [0]=>
      string(1) "
"
    }
  }
}


 ==============================================
[11 / 03 / 2015 15:29:21]
object(SimpleXMLElement)#3 (1) {
  ["QBXMLMsgsRq"]=>
  object(SimpleXMLElement)#4 (2) {
    ["@attributes"]=>
    array(1) {
      ["onError"]=>
      string(11) "stopOnError"
    }
    ["InvoiceAddRq"]=>
    object(SimpleXMLElement)#5 (1) {
      [0]=>
      string(1) "
"
    }
  }
}


 ==============================================
[11 / 03 / 2015 15:29:59]
object(SimpleXMLElement)#3 (1) {
  ["QBXMLMsgsRq"]=>
  object(SimpleXMLElement)#4 (2) {
    ["@attributes"]=>
    array(1) {
      ["onError"]=>
      string(11) "stopOnError"
    }
    ["InvoiceAddRq"]=>
    object(SimpleXMLElement)#5 (1) {
      [0]=>
      string(1) "
"
    }
  }
}


 ==============================================
[11 / 03 / 2015 15:29:59]
object(SimpleXMLElement)#3 (1) {
  ["QBXMLMsgsRq"]=>
  object(SimpleXMLElement)#4 (2) {
    ["@attributes"]=>
    array(1) {
      ["onError"]=>
      string(11) "stopOnError"
    }
    ["InvoiceAddRq"]=>
    object(SimpleXMLElement)#5 (1) {
      [0]=>
      string(1) "
"
    }
  }
}


 ==============================================
[11 / 03 / 2015 15:29:59]
object(SimpleXMLElement)#3 (1) {
  ["QBXMLMsgsRq"]=>
  object(SimpleXMLElement)#4 (2) {
    ["@attributes"]=>
    array(1) {
      ["onError"]=>
      string(11) "stopOnError"
    }
    ["InvoiceAddRq"]=>
    object(SimpleXMLElement)#5 (1) {
      [0]=>
      string(1) "
"
    }
  }
}


 ==============================================
[11 / 03 / 2015 15:30:01]
object(SimpleXMLElement)#3 (1) {
  ["QBXMLMsgsRq"]=>
  object(SimpleXMLElement)#4 (2) {
    ["@attributes"]=>
    array(1) {
      ["onError"]=>
      string(11) "stopOnError"
    }
    ["InvoiceAddRq"]=>
    object(SimpleXMLElement)#5 (1) {
      [0]=>
      string(1) "
"
    }
  }
}


 ==============================================
[11 / 03 / 2015 15:30:01]
object(SimpleXMLElement)#3 (1) {
  ["QBXMLMsgsRq"]=>
  object(SimpleXMLElement)#4 (2) {
    ["@attributes"]=>
    array(1) {
      ["onError"]=>
      string(11) "stopOnError"
    }
    ["InvoiceAddRq"]=>
    object(SimpleXMLElement)#5 (1) {
      [0]=>
      string(1) "
"
    }
  }
}


 ==============================================
[11 / 03 / 2015 15:30:02]
object(SimpleXMLElement)#3 (1) {
  ["QBXMLMsgsRq"]=>
  object(SimpleXMLElement)#4 (2) {
    ["@attributes"]=>
    array(1) {
      ["onError"]=>
      string(11) "stopOnError"
    }
    ["InvoiceAddRq"]=>
    object(SimpleXMLElement)#5 (1) {
      [0]=>
      string(1) "
"
    }
  }
}


 ==============================================
[11 / 03 / 2015 15:31:24]
object(SimpleXMLElement)#3 (1) {
  ["QBXMLMsgsRq"]=>
  object(SimpleXMLElement)#4 (2) {
    ["@attributes"]=>
    array(1) {
      ["onError"]=>
      string(11) "stopOnError"
    }
    ["InvoiceAddRq"]=>
    object(SimpleXMLElement)#5 (1) {
      [0]=>
      string(1) "
"
    }
  }
}


 ==============================================
[11 / 03 / 2015 15:31:24]
object(SimpleXMLElement)#3 (1) {
  ["QBXMLMsgsRq"]=>
  object(SimpleXMLElement)#4 (2) {
    ["@attributes"]=>
    array(1) {
      ["onError"]=>
      string(11) "stopOnError"
    }
    ["InvoiceAddRq"]=>
    object(SimpleXMLElement)#5 (1) {
      [0]=>
      string(1) "
"
    }
  }
}


 ==============================================
[11 / 03 / 2015 15:31:26]
object(SimpleXMLElement)#3 (1) {
  ["QBXMLMsgsRq"]=>
  object(SimpleXMLElement)#4 (2) {
    ["@attributes"]=>
    array(1) {
      ["onError"]=>
      string(11) "stopOnError"
    }
    ["InvoiceAddRq"]=>
    object(SimpleXMLElement)#5 (1) {
      [0]=>
      string(1) "
"
    }
  }
}


 ==============================================
[11 / 03 / 2015 15:31:26]
object(SimpleXMLElement)#3 (1) {
  ["QBXMLMsgsRq"]=>
  object(SimpleXMLElement)#4 (2) {
    ["@attributes"]=>
    array(1) {
      ["onError"]=>
      string(11) "stopOnError"
    }
    ["InvoiceAddRq"]=>
    object(SimpleXMLElement)#5 (1) {
      [0]=>
      string(1) "
"
    }
  }
}


 ==============================================
[11 / 03 / 2015 15:31:27]
object(SimpleXMLElement)#3 (1) {
  ["QBXMLMsgsRq"]=>
  object(SimpleXMLElement)#4 (2) {
    ["@attributes"]=>
    array(1) {
      ["onError"]=>
      string(11) "stopOnError"
    }
    ["InvoiceAddRq"]=>
    object(SimpleXMLElement)#5 (1) {
      [0]=>
      string(1) "
"
    }
  }
}


 ==============================================
[11 / 03 / 2015 15:32:07]
object(SimpleXMLElement)#3 (1) {
  ["QBXMLMsgsRq"]=>
  object(SimpleXMLElement)#4 (2) {
    ["@attributes"]=>
    array(1) {
      ["onError"]=>
      string(11) "stopOnError"
    }
    ["InvoiceAddRq"]=>
    object(SimpleXMLElement)#5 (1) {
      [0]=>
      string(1) "
"
    }
  }
}


 ==============================================
[11 / 03 / 2015 15:32:07]
object(SimpleXMLElement)#3 (1) {
  ["QBXMLMsgsRq"]=>
  object(SimpleXMLElement)#4 (2) {
    ["@attributes"]=>
    array(1) {
      ["onError"]=>
      string(11) "stopOnError"
    }
    ["InvoiceAddRq"]=>
    object(SimpleXMLElement)#5 (1) {
      [0]=>
      string(1) "
"
    }
  }
}


 ==============================================
[11 / 03 / 2015 15:32:07]
object(SimpleXMLElement)#3 (1) {
  ["QBXMLMsgsRq"]=>
  object(SimpleXMLElement)#4 (2) {
    ["@attributes"]=>
    array(1) {
      ["onError"]=>
      string(11) "stopOnError"
    }
    ["InvoiceAddRq"]=>
    object(SimpleXMLElement)#5 (1) {
      [0]=>
      string(1) "
"
    }
  }
}


 ==============================================
[11 / 03 / 2015 15:32:09]
object(SimpleXMLElement)#3 (1) {
  ["QBXMLMsgsRq"]=>
  object(SimpleXMLElement)#4 (2) {
    ["@attributes"]=>
    array(1) {
      ["onError"]=>
      string(11) "stopOnError"
    }
    ["InvoiceAddRq"]=>
    object(SimpleXMLElement)#5 (1) {
      [0]=>
      string(1) "
"
    }
  }
}


 ==============================================
[11 / 03 / 2015 15:32:09]
object(SimpleXMLElement)#3 (1) {
  ["QBXMLMsgsRq"]=>
  object(SimpleXMLElement)#4 (2) {
    ["@attributes"]=>
    array(1) {
      ["onError"]=>
      string(11) "stopOnError"
    }
    ["InvoiceAddRq"]=>
    object(SimpleXMLElement)#5 (1) {
      [0]=>
      string(1) "
"
    }
  }
}


 ==============================================
[11 / 03 / 2015 15:32:09]
object(SimpleXMLElement)#3 (1) {
  ["QBXMLMsgsRq"]=>
  object(SimpleXMLElement)#4 (2) {
    ["@attributes"]=>
    array(1) {
      ["onError"]=>
      string(11) "stopOnError"
    }
    ["InvoiceAddRq"]=>
    object(SimpleXMLElement)#5 (1) {
      [0]=>
      string(1) "
"
    }
  }
}


 ==============================================
[11 / 03 / 2015 15:32:54]
object(SimpleXMLElement)#3 (1) {
  ["QBXMLMsgsRq"]=>
  object(SimpleXMLElement)#4 (2) {
    ["@attributes"]=>
    array(1) {
      ["onError"]=>
      string(11) "stopOnError"
    }
    ["InvoiceAddRq"]=>
    object(SimpleXMLElement)#5 (1) {
      [0]=>
      string(1) "
"
    }
  }
}


 ==============================================
[11 / 03 / 2015 15:32:54]
object(SimpleXMLElement)#3 (1) {
  ["QBXMLMsgsRq"]=>
  object(SimpleXMLElement)#4 (2) {
    ["@attributes"]=>
    array(1) {
      ["onError"]=>
      string(11) "stopOnError"
    }
    ["InvoiceAddRq"]=>
    object(SimpleXMLElement)#5 (1) {
      [0]=>
      string(1) "
"
    }
  }
}


 ==============================================
[11 / 03 / 2015 15:32:54]
object(SimpleXMLElement)#3 (1) {
  ["QBXMLMsgsRq"]=>
  object(SimpleXMLElement)#4 (2) {
    ["@attributes"]=>
    array(1) {
      ["onError"]=>
      string(11) "stopOnError"
    }
    ["InvoiceAddRq"]=>
    object(SimpleXMLElement)#5 (1) {
      [0]=>
      string(1) "
"
    }
  }
}


 ==============================================
[11 / 03 / 2015 15:32:56]
object(SimpleXMLElement)#3 (1) {
  ["QBXMLMsgsRq"]=>
  object(SimpleXMLElement)#4 (2) {
    ["@attributes"]=>
    array(1) {
      ["onError"]=>
      string(11) "stopOnError"
    }
    ["InvoiceAddRq"]=>
    object(SimpleXMLElement)#5 (1) {
      [0]=>
      string(1) "
"
    }
  }
}


 ==============================================
[11 / 03 / 2015 15:32:56]
object(SimpleXMLElement)#3 (1) {
  ["QBXMLMsgsRq"]=>
  object(SimpleXMLElement)#4 (2) {
    ["@attributes"]=>
    array(1) {
      ["onError"]=>
      string(11) "stopOnError"
    }
    ["InvoiceAddRq"]=>
    object(SimpleXMLElement)#5 (1) {
      [0]=>
      string(1) "
"
    }
  }
}


 ==============================================
[11 / 03 / 2015 15:32:57]
object(SimpleXMLElement)#3 (1) {
  ["QBXMLMsgsRq"]=>
  object(SimpleXMLElement)#4 (2) {
    ["@attributes"]=>
    array(1) {
      ["onError"]=>
      string(11) "stopOnError"
    }
    ["InvoiceAddRq"]=>
    object(SimpleXMLElement)#5 (1) {
      [0]=>
      string(1) "
"
    }
  }
}


 ==============================================
[11 / 03 / 2015 15:34:03]
object(SimpleXMLElement)#3 (1) {
  ["QBXMLMsgsRq"]=>
  object(SimpleXMLElement)#4 (2) {
    ["@attributes"]=>
    array(1) {
      ["onError"]=>
      string(11) "stopOnError"
    }
    ["InvoiceAddRq"]=>
    object(SimpleXMLElement)#5 (1) {
      [0]=>
      string(1) "
"
    }
  }
}


 ==============================================
[11 / 03 / 2015 15:34:03]
object(SimpleXMLElement)#3 (1) {
  ["QBXMLMsgsRq"]=>
  object(SimpleXMLElement)#4 (2) {
    ["@attributes"]=>
    array(1) {
      ["onError"]=>
      string(11) "stopOnError"
    }
    ["InvoiceAddRq"]=>
    object(SimpleXMLElement)#5 (1) {
      [0]=>
      string(1) "
"
    }
  }
}


 ==============================================
[11 / 03 / 2015 15:34:03]
object(SimpleXMLElement)#3 (1) {
  ["QBXMLMsgsRq"]=>
  object(SimpleXMLElement)#4 (2) {
    ["@attributes"]=>
    array(1) {
      ["onError"]=>
      string(11) "stopOnError"
    }
    ["InvoiceAddRq"]=>
    object(SimpleXMLElement)#5 (1) {
      [0]=>
      string(1) "
"
    }
  }
}


 ==============================================
[11 / 03 / 2015 15:34:04]
object(SimpleXMLElement)#3 (1) {
  ["QBXMLMsgsRq"]=>
  object(SimpleXMLElement)#4 (2) {
    ["@attributes"]=>
    array(1) {
      ["onError"]=>
      string(11) "stopOnError"
    }
    ["InvoiceAddRq"]=>
    object(SimpleXMLElement)#5 (1) {
      [0]=>
      string(1) "
"
    }
  }
}


 ==============================================
[11 / 03 / 2015 15:34:05]
object(SimpleXMLElement)#3 (1) {
  ["QBXMLMsgsRq"]=>
  object(SimpleXMLElement)#4 (2) {
    ["@attributes"]=>
    array(1) {
      ["onError"]=>
      string(11) "stopOnError"
    }
    ["InvoiceAddRq"]=>
    object(SimpleXMLElement)#5 (1) {
      [0]=>
      string(1) "
"
    }
  }
}


 ==============================================
[11 / 03 / 2015 15:34:05]
object(SimpleXMLElement)#3 (1) {
  ["QBXMLMsgsRq"]=>
  object(SimpleXMLElement)#4 (2) {
    ["@attributes"]=>
    array(1) {
      ["onError"]=>
      string(11) "stopOnError"
    }
    ["InvoiceAddRq"]=>
    object(SimpleXMLElement)#5 (1) {
      [0]=>
      string(1) "
"
    }
  }
}


 ==============================================
[11 / 03 / 2015 15:37:43]
object(SimpleXMLElement)#3 (1) {
  ["QBXMLMsgsRq"]=>
  object(SimpleXMLElement)#4 (2) {
    ["@attributes"]=>
    array(1) {
      ["onError"]=>
      string(11) "stopOnError"
    }
    ["InvoiceAddRq"]=>
    object(SimpleXMLElement)#5 (1) {
      [0]=>
      string(1) "
"
    }
  }
}


 ==============================================
[11 / 03 / 2015 15:37:43]
object(SimpleXMLElement)#3 (1) {
  ["QBXMLMsgsRq"]=>
  object(SimpleXMLElement)#4 (2) {
    ["@attributes"]=>
    array(1) {
      ["onError"]=>
      string(11) "stopOnError"
    }
    ["InvoiceAddRq"]=>
    object(SimpleXMLElement)#5 (1) {
      [0]=>
      string(1) "
"
    }
  }
}


 ==============================================
[11 / 03 / 2015 15:37:43]
object(SimpleXMLElement)#3 (1) {
  ["QBXMLMsgsRq"]=>
  object(SimpleXMLElement)#4 (2) {
    ["@attributes"]=>
    array(1) {
      ["onError"]=>
      string(11) "stopOnError"
    }
    ["InvoiceAddRq"]=>
    object(SimpleXMLElement)#5 (1) {
      [0]=>
      string(1) "
"
    }
  }
}


 ==============================================
[11 / 03 / 2015 15:37:45]
object(SimpleXMLElement)#3 (1) {
  ["QBXMLMsgsRq"]=>
  object(SimpleXMLElement)#4 (2) {
    ["@attributes"]=>
    array(1) {
      ["onError"]=>
      string(11) "stopOnError"
    }
    ["InvoiceAddRq"]=>
    object(SimpleXMLElement)#5 (1) {
      [0]=>
      string(1) "
"
    }
  }
}


 ==============================================
[11 / 03 / 2015 15:37:45]
object(SimpleXMLElement)#3 (1) {
  ["QBXMLMsgsRq"]=>
  object(SimpleXMLElement)#4 (2) {
    ["@attributes"]=>
    array(1) {
      ["onError"]=>
      string(11) "stopOnError"
    }
    ["InvoiceAddRq"]=>
    object(SimpleXMLElement)#5 (1) {
      [0]=>
      string(1) "
"
    }
  }
}


 ==============================================
[11 / 03 / 2015 15:37:45]
object(SimpleXMLElement)#3 (1) {
  ["QBXMLMsgsRq"]=>
  object(SimpleXMLElement)#4 (2) {
    ["@attributes"]=>
    array(1) {
      ["onError"]=>
      string(11) "stopOnError"
    }
    ["InvoiceAddRq"]=>
    object(SimpleXMLElement)#5 (1) {
      [0]=>
      string(1) "
"
    }
  }
}


 ==============================================
[11 / 03 / 2015 15:58:46]
object(SimpleXMLElement)#3 (1) {
  ["QBXMLMsgsRq"]=>
  object(SimpleXMLElement)#4 (2) {
    ["@attributes"]=>
    array(1) {
      ["onError"]=>
      string(11) "stopOnError"
    }
    ["InvoiceAddRq"]=>
    object(SimpleXMLElement)#5 (1) {
      [0]=>
      string(1) "
"
    }
  }
}


 ==============================================
[11 / 03 / 2015 15:58:46]
object(SimpleXMLElement)#3 (1) {
  ["QBXMLMsgsRq"]=>
  object(SimpleXMLElement)#4 (2) {
    ["@attributes"]=>
    array(1) {
      ["onError"]=>
      string(11) "stopOnError"
    }
    ["InvoiceAddRq"]=>
    object(SimpleXMLElement)#5 (1) {
      [0]=>
      string(1) "
"
    }
  }
}


 ==============================================
[11 / 03 / 2015 15:58:46]
object(SimpleXMLElement)#3 (1) {
  ["QBXMLMsgsRq"]=>
  object(SimpleXMLElement)#4 (2) {
    ["@attributes"]=>
    array(1) {
      ["onError"]=>
      string(11) "stopOnError"
    }
    ["InvoiceAddRq"]=>
    object(SimpleXMLElement)#5 (1) {
      [0]=>
      string(1) "
"
    }
  }
}


 ==============================================
[11 / 03 / 2015 15:58:48]
object(SimpleXMLElement)#3 (1) {
  ["QBXMLMsgsRq"]=>
  object(SimpleXMLElement)#4 (2) {
    ["@attributes"]=>
    array(1) {
      ["onError"]=>
      string(11) "stopOnError"
    }
    ["InvoiceAddRq"]=>
    object(SimpleXMLElement)#5 (1) {
      [0]=>
      string(1) "
"
    }
  }
}


 ==============================================
[11 / 03 / 2015 15:58:48]
object(SimpleXMLElement)#3 (1) {
  ["QBXMLMsgsRq"]=>
  object(SimpleXMLElement)#4 (2) {
    ["@attributes"]=>
    array(1) {
      ["onError"]=>
      string(11) "stopOnError"
    }
    ["InvoiceAddRq"]=>
    object(SimpleXMLElement)#5 (1) {
      [0]=>
      string(1) "
"
    }
  }
}


 ==============================================
[11 / 03 / 2015 15:58:49]
object(SimpleXMLElement)#3 (1) {
  ["QBXMLMsgsRq"]=>
  object(SimpleXMLElement)#4 (2) {
    ["@attributes"]=>
    array(1) {
      ["onError"]=>
      string(11) "stopOnError"
    }
    ["InvoiceAddRq"]=>
    object(SimpleXMLElement)#5 (1) {
      [0]=>
      string(1) "
"
    }
  }
}


 ==============================================
[11 / 03 / 2015 16:36:39]
object(SimpleXMLElement)#3 (1) {
  ["QBXMLMsgsRq"]=>
  object(SimpleXMLElement)#4 (2) {
    ["@attributes"]=>
    array(1) {
      ["onError"]=>
      string(11) "stopOnError"
    }
    ["InvoiceAddRq"]=>
    object(SimpleXMLElement)#5 (1) {
      [0]=>
      string(1) "
"
    }
  }
}


 ==============================================
[11 / 03 / 2015 16:36:39]
object(SimpleXMLElement)#3 (1) {
  ["QBXMLMsgsRq"]=>
  object(SimpleXMLElement)#4 (2) {
    ["@attributes"]=>
    array(1) {
      ["onError"]=>
      string(11) "stopOnError"
    }
    ["InvoiceAddRq"]=>
    object(SimpleXMLElement)#5 (1) {
      [0]=>
      string(1) "
"
    }
  }
}


 ==============================================
[11 / 03 / 2015 16:36:39]
object(SimpleXMLElement)#3 (1) {
  ["QBXMLMsgsRq"]=>
  object(SimpleXMLElement)#4 (2) {
    ["@attributes"]=>
    array(1) {
      ["onError"]=>
      string(11) "stopOnError"
    }
    ["InvoiceAddRq"]=>
    object(SimpleXMLElement)#5 (1) {
      [0]=>
      string(1) "
"
    }
  }
}


 ==============================================
[11 / 03 / 2015 16:36:41]
object(SimpleXMLElement)#3 (1) {
  ["QBXMLMsgsRq"]=>
  object(SimpleXMLElement)#4 (2) {
    ["@attributes"]=>
    array(1) {
      ["onError"]=>
      string(11) "stopOnError"
    }
    ["InvoiceAddRq"]=>
    object(SimpleXMLElement)#5 (1) {
      [0]=>
      string(1) "
"
    }
  }
}


 ==============================================
[11 / 03 / 2015 16:36:42]
object(SimpleXMLElement)#3 (1) {
  ["QBXMLMsgsRq"]=>
  object(SimpleXMLElement)#4 (2) {
    ["@attributes"]=>
    array(1) {
      ["onError"]=>
      string(11) "stopOnError"
    }
    ["InvoiceAddRq"]=>
    object(SimpleXMLElement)#5 (1) {
      [0]=>
      string(1) "
"
    }
  }
}


 ==============================================
[11 / 03 / 2015 16:36:42]
object(SimpleXMLElement)#3 (1) {
  ["QBXMLMsgsRq"]=>
  object(SimpleXMLElement)#4 (2) {
    ["@attributes"]=>
    array(1) {
      ["onError"]=>
      string(11) "stopOnError"
    }
    ["InvoiceAddRq"]=>
    object(SimpleXMLElement)#5 (1) {
      [0]=>
      string(1) "
"
    }
  }
}


 ==============================================
[11 / 03 / 2015 16:38:35]
object(SimpleXMLElement)#3 (1) {
  ["QBXMLMsgsRq"]=>
  object(SimpleXMLElement)#4 (2) {
    ["@attributes"]=>
    array(1) {
      ["onError"]=>
      string(11) "stopOnError"
    }
    ["InvoiceAddRq"]=>
    object(SimpleXMLElement)#5 (1) {
      [0]=>
      string(1) "
"
    }
  }
}


 ==============================================
[11 / 03 / 2015 16:38:35]
object(SimpleXMLElement)#3 (1) {
  ["QBXMLMsgsRq"]=>
  object(SimpleXMLElement)#4 (2) {
    ["@attributes"]=>
    array(1) {
      ["onError"]=>
      string(11) "stopOnError"
    }
    ["InvoiceAddRq"]=>
    object(SimpleXMLElement)#5 (1) {
      [0]=>
      string(1) "
"
    }
  }
}


 ==============================================
[11 / 03 / 2015 16:38:35]
object(SimpleXMLElement)#3 (1) {
  ["QBXMLMsgsRq"]=>
  object(SimpleXMLElement)#4 (2) {
    ["@attributes"]=>
    array(1) {
      ["onError"]=>
      string(11) "stopOnError"
    }
    ["InvoiceAddRq"]=>
    object(SimpleXMLElement)#5 (1) {
      [0]=>
      string(1) "
"
    }
  }
}


 ==============================================
[11 / 03 / 2015 16:38:37]
object(SimpleXMLElement)#3 (1) {
  ["QBXMLMsgsRq"]=>
  object(SimpleXMLElement)#4 (2) {
    ["@attributes"]=>
    array(1) {
      ["onError"]=>
      string(11) "stopOnError"
    }
    ["InvoiceAddRq"]=>
    object(SimpleXMLElement)#5 (1) {
      [0]=>
      string(1) "
"
    }
  }
}


 ==============================================
[11 / 03 / 2015 16:38:37]
object(SimpleXMLElement)#3 (1) {
  ["QBXMLMsgsRq"]=>
  object(SimpleXMLElement)#4 (2) {
    ["@attributes"]=>
    array(1) {
      ["onError"]=>
      string(11) "stopOnError"
    }
    ["InvoiceAddRq"]=>
    object(SimpleXMLElement)#5 (1) {
      [0]=>
      string(1) "
"
    }
  }
}


 ==============================================
[11 / 03 / 2015 16:38:38]
object(SimpleXMLElement)#3 (1) {
  ["QBXMLMsgsRq"]=>
  object(SimpleXMLElement)#4 (2) {
    ["@attributes"]=>
    array(1) {
      ["onError"]=>
      string(11) "stopOnError"
    }
    ["InvoiceAddRq"]=>
    object(SimpleXMLElement)#5 (1) {
      [0]=>
      string(1) "
"
    }
  }
}


 ==============================================
[10 / 27 / 2025 06:20:27]
string(25) "Current Step: check_items"


 ==============================================
[10 / 27 / 2025 06:20:27]
string(44) "Checking if item exists: Consulting Services"


 ==============================================
[10 / 27 / 2025 06:20:27]
string(25) "Current Step: add_invoice"


 ==============================================
[10 / 27 / 2025 06:21:09]
string(25) "Current Step: check_items"


 ==============================================
[10 / 27 / 2025 06:21:09]
string(44) "Checking if item exists: Consulting Services"


 ==============================================
[10 / 27 / 2025 06:21:09]
string(25) "Current Step: add_invoice"


 ==============================================
[10 / 27 / 2025 06:34:11]
string(25) "Current Step: add_invoice"


 ==============================================
[10 / 27 / 2025 06:35:24]
string(25) "Current Step: add_invoice"


 ==============================================
[10 / 27 / 2025 06:42:55]
string(25) "Current Step: add_invoice"


 ==============================================
[10 / 27 / 2025 07:16:12]
string(25) "Current Step: add_invoice"


 ==============================================
[10 / 27 / 2025 07:16:12]
string(1423) "XML being sent to QuickBooks:
<?xml version="1.0" encoding="utf-8"?>
<?qbxml version="12.0"?>
<QBXML>
  <QBXMLMsgsRq onError="stopOnError">
    <InvoiceAddRq requestID="1">
      <InvoiceAdd>
        <CustomerRef>
          <FullName>John Doe</FullName>
        </CustomerRef>
        <TxnDate>2025-10-27</TxnDate>
        <RefNumber>INV-1001</RefNumber>
        <BillAddress>
          <Addr1>John Doe</Addr1>
          <Addr2>123 Main Street</Addr2>
          <City>New York</City>
          <State>NY</State>
          <PostalCode>10001</PostalCode>
          <Country>USA</Country>
        </BillAddress>
        <TermsRef>
          <FullName>Net 30</FullName>
        </TermsRef>
        <DueDate>2025-11-26</DueDate>
        <InvoiceLineAdd>
          <ItemRef>
            <FullName>Consulting Services</FullName>
          </ItemRef>
          <Desc>Consulting Fee for October</Desc>
          <Quantity>1</Quantity>
          <Rate>500.00</Rate>
        </InvoiceLineAdd>
        <InvoiceLineAdd>
          <ItemRef>
            <FullName>Hosting</FullName>
          </ItemRef>
          <Desc>Website Hosting (1 Month)</Desc>
          <Quantity>1</Quantity>
          <Rate>100.00</Rate>
        </InvoiceLineAdd>
        <SalesTaxCodeRef>
          <FullName>Tax</FullName>
        </SalesTaxCodeRef>
        <Other>Generated via QBWC</Other>
      </InvoiceAdd>
    </InvoiceAddRq>
  </QBXMLMsgsRq>
</QBXML>
"


 ==============================================
[10 / 27 / 2025 07:20:10]
string(25) "Current Step: add_invoice"


 ==============================================
[10 / 27 / 2025 07:20:10]
string(1423) "XML being sent to QuickBooks:
<?xml version="1.0" encoding="utf-8"?>
<?qbxml version="12.0"?>
<QBXML>
  <QBXMLMsgsRq onError="stopOnError">
    <InvoiceAddRq requestID="1">
      <InvoiceAdd>
        <CustomerRef>
          <FullName>John Doe</FullName>
        </CustomerRef>
        <TxnDate>2025-10-27</TxnDate>
        <RefNumber>INV-1001</RefNumber>
        <BillAddress>
          <Addr1>John Doe</Addr1>
          <Addr2>123 Main Street</Addr2>
          <City>New York</City>
          <State>NY</State>
          <PostalCode>10001</PostalCode>
          <Country>USA</Country>
        </BillAddress>
        <TermsRef>
          <FullName>Net 30</FullName>
        </TermsRef>
        <DueDate>2025-11-26</DueDate>
        <InvoiceLineAdd>
          <ItemRef>
            <FullName>Consulting Services</FullName>
          </ItemRef>
          <Desc>Consulting Fee for October</Desc>
          <Quantity>1</Quantity>
          <Rate>500.00</Rate>
        </InvoiceLineAdd>
        <InvoiceLineAdd>
          <ItemRef>
            <FullName>Hosting</FullName>
          </ItemRef>
          <Desc>Website Hosting (1 Month)</Desc>
          <Quantity>1</Quantity>
          <Rate>100.00</Rate>
        </InvoiceLineAdd>
        <SalesTaxCodeRef>
          <FullName>Tax</FullName>
        </SalesTaxCodeRef>
        <Other>Generated via QBWC</Other>
      </InvoiceAdd>
    </InvoiceAddRq>
  </QBXMLMsgsRq>
</QBXML>
"

